[ 2025-01-11 03:59:29,323 ] 15 root - INFO - Initiate the data ingestion
[ 2025-01-11 03:59:29,383 ] 54 root - INFO - Performed train test split on the dataframe
[ 2025-01-11 03:59:29,383 ] 56 root - INFO - Exited split_data_as_train_test method of Data_Ingestion class
[ 2025-01-11 03:59:29,383 ] 62 root - INFO - Exporting train and test file paths.
[ 2025-01-11 03:59:29,412 ] 72 root - INFO - Exported train and test file paths.
[ 2025-01-11 03:59:29,412 ] 17 root - INFO - Data Ingestion Completed
[ 2025-01-11 03:59:29,414 ] 21 root - INFO - Initiate the data Validation
[ 2025-01-11 03:59:29,421 ] 32 root - INFO - Required number of columns:2
[ 2025-01-11 03:59:29,421 ] 33 root - INFO - Data frame has columns:31
[ 2025-01-11 03:59:29,421 ] 32 root - INFO - Required number of columns:2
[ 2025-01-11 03:59:29,421 ] 33 root - INFO - Data frame has columns:31
[ 2025-01-11 03:59:29,485 ] 23 root - INFO - data Validation Completed
[ 2025-01-11 03:59:29,485 ] 26 root - INFO - data Transformation started
[ 2025-01-11 03:59:29,485 ] 63 root - INFO - Entered initiate_data_transformation method of DataTransformation class
[ 2025-01-11 03:59:29,485 ] 65 root - INFO - Starting data transformation
[ 2025-01-11 03:59:29,493 ] 48 root - INFO - Entered get_data_trnasformer_object method of Trnasformation class
[ 2025-01-11 03:59:29,493 ] 53 root - INFO - Initialise KNNImputer with {'missing_values': nan, 'n_neighbors': 3, 'weights': 'uniform'}
[ 2025-01-11 03:59:29,496 ] 46 root - INFO - Entered the save_object method of MainUtils class
[ 2025-01-11 03:59:29,497 ] 50 root - INFO - Exited the save_object method of MainUtils class
[ 2025-01-11 03:59:29,497 ] 46 root - INFO - Entered the save_object method of MainUtils class
[ 2025-01-11 03:59:29,498 ] 50 root - INFO - Exited the save_object method of MainUtils class
[ 2025-01-11 03:59:29,498 ] 30 root - INFO - data Transformation completed
