[ 2025-01-11 04:11:19,869 ] 20 root - INFO - Initiate the data ingestion
[ 2025-01-11 04:11:19,913 ] 54 root - INFO - Performed train test split on the dataframe
[ 2025-01-11 04:11:19,913 ] 56 root - INFO - Exited split_data_as_train_test method of Data_Ingestion class
[ 2025-01-11 04:11:19,913 ] 62 root - INFO - Exporting train and test file paths.
[ 2025-01-11 04:11:19,942 ] 72 root - INFO - Exported train and test file paths.
[ 2025-01-11 04:11:19,943 ] 22 root - INFO - Data Initiation Completed
[ 2025-01-11 04:11:19,944 ] 26 root - INFO - Initiate the data Validation
[ 2025-01-11 04:11:19,952 ] 32 root - INFO - Required number of columns:2
[ 2025-01-11 04:11:19,952 ] 33 root - INFO - Data frame has columns:31
[ 2025-01-11 04:11:19,952 ] 32 root - INFO - Required number of columns:2
[ 2025-01-11 04:11:19,952 ] 33 root - INFO - Data frame has columns:31
[ 2025-01-11 04:11:20,029 ] 28 root - INFO - data Validation Completed
[ 2025-01-11 04:11:20,029 ] 31 root - INFO - data Transformation started
[ 2025-01-11 04:11:20,029 ] 63 root - INFO - Entered initiate_data_transformation method of DataTransformation class
[ 2025-01-11 04:11:20,029 ] 65 root - INFO - Starting data transformation
[ 2025-01-11 04:11:20,037 ] 48 root - INFO - Entered get_data_trnasformer_object method of Trnasformation class
[ 2025-01-11 04:11:20,038 ] 53 root - INFO - Initialise KNNImputer with {'missing_values': nan, 'n_neighbors': 3, 'weights': 'uniform'}
[ 2025-01-11 04:11:20,041 ] 46 root - INFO - Entered the save_object method of MainUtils class
[ 2025-01-11 04:11:20,042 ] 50 root - INFO - Exited the save_object method of MainUtils class
[ 2025-01-11 04:11:20,042 ] 46 root - INFO - Entered the save_object method of MainUtils class
[ 2025-01-11 04:11:20,043 ] 50 root - INFO - Exited the save_object method of MainUtils class
[ 2025-01-11 04:11:20,043 ] 35 root - INFO - data Transformation completed
[ 2025-01-11 04:11:20,043 ] 37 root - INFO - Model Training sstared
